<html>
<body>
<pre>
<h1>µVision Build Log</h1>
<h2>Project:</h2>
E:\ARM\USART\trunk\MDK-ARM\project.uvproj
Project File Date:  05/11/2015

<h2>Output:</h2>
Build target 'STM32F401RE'
compiling main.c...
linking...
Program Size: Code=5324 RO-data=616 RW-data=36 ZI-data=1044  
".\obj\project.axf" - 0 Error(s), 0 Warning(s).
Load "E:\\ARM\\USART\\trunk\\MDK-ARM\\obj\\project.axf" 
Erase Done.
Programming Done.
Verify OK.
Application running ...
Program Size: Code=5324 RO-data=616 RW-data=36 ZI-data=1044  
".\obj\project.axf" - 0 Error(s), 0 Warning(s).
Load "E:\\ARM\\USART\\trunk\\MDK-ARM\\obj\\project.axf" 
Erase Done.
Programming Done.
Verify OK.
Application running ...
one.
Programming Done.
Verify OK.
Application running ...

.
Not enough information to list image symbols.
Finished: 1 information, 0 warning and 2 error messages.
".\obj\project.axf" - 2 Error(s), 1 Warning(s).
Target not created
h_Driver\src\stm32f4xx_gpio.c: 0 warnings, 1 error
compiling stm32f4xx_rcc.c...
..\CMSIS\Device\ST\STM32F4xx\Include\stm32f4xx.h(9136): error:  #5: cannot open source input file "stm32f4xx_conf.h": No such file or directory
    #include "stm32f4xx_conf.h"
..\STM32F4xx_StdPeriph_Driver\src\stm32f4xx_rcc.c: 0 warnings, 1 error
compiling stm32f4xx_tim.c...
..\CMSIS\Device\ST\STM32F4xx\Include\stm32f4xx.h(9136): error:  #5: cannot open source input file "stm32f4xx_conf.h": No such file or directory
    #include "stm32f4xx_conf.h"
..\STM32F4xx_StdPeriph_Driver\src\stm32f4xx_tim.c: 0 warnings, 1 error
compiling stm32f4xx_usart.c...
..\CMSIS\Device\ST\STM32F4xx\Include\stm32f4xx.h(9136): error:  #5: cannot open source input file "stm32f4xx_conf.h": No such file or directory
    #include "stm32f4xx_conf.h"
..\STM32F4xx_StdPeriph_Driver\src\stm32f4xx_usart.c: 0 warnings, 1 error
compiling system_stm32f4xx.c...
..\CMSIS\Device\ST\STM32F4xx\Include\stm32f4xx.h(9136): error:  #5: cannot open source input file "stm32f4xx_conf.h": No such file or directory
    #include "stm32f4xx_conf.h"
..\CMSIS\Device\ST\STM32F4xx\Source\Templates\system_stm32f4xx.c: 0 warnings, 1 error
".\obj\project.axf" - 7 Error(s), 0 Warning(s).
Target not created
ning:  #223-D: function "assert_param" declared implicitly
    assert_param(IS_GPIO_ALL_PERIPH(GPIOx));
..\STM32F4xx_StdPeriph_Driver\src\stm32f4xx_gpio.c(395): warning:  #223-D: function "assert_param" declared implicitly
    assert_param(IS_GPIO_ALL_PERIPH(GPIOx));
..\STM32F4xx_StdPeriph_Driver\src\stm32f4xx_gpio.c(415): warning:  #223-D: function "assert_param" declared implicitly
    assert_param(IS_GPIO_ALL_PERIPH(GPIOx));
..\STM32F4xx_StdPeriph_Driver\src\stm32f4xx_gpio.c(436): warning:  #223-D: function "assert_param" declared implicitly
    assert_param(IS_GPIO_ALL_PERIPH(GPIOx));
..\STM32F4xx_StdPeriph_Driver\src\stm32f4xx_gpio.c(458): warning:  #223-D: function "assert_param" declared implicitly
    assert_param(IS_GPIO_ALL_PERIPH(GPIOx));
..\STM32F4xx_StdPeriph_Driver\src\stm32f4xx_gpio.c(483): warning:  #223-D: function "assert_param" declared implicitly
    assert_param(IS_GPIO_ALL_PERIPH(GPIOx));
..\STM32F4xx_StdPeriph_Driver\src\stm32f4xx_gpio.c(499): warning:  #223-D: function "assert_param" declared implicitly
    assert_param(IS_GPIO_ALL_PERIPH(GPIOx));
..\STM32F4xx_StdPeriph_Driver\src\stm32f4xx_gpio.c(585): warning:  #223-D: function "assert_param" declared implicitly
    assert_param(IS_GPIO_ALL_PERIPH(GPIOx));
..\STM32F4xx_StdPeriph_Driver\src\stm32f4xx_gpio.c: 13 warnings, 0 errors
compiling stm32f4xx_rcc.c...
..\STM32F4xx_StdPeriph_Driver\src\stm32f4xx_rcc.c(266): warning:  #223-D: function "assert_param" declared implicitly
    assert_param(IS_RCC_HSE(RCC_HSE));
..\STM32F4xx_StdPeriph_Driver\src\stm32f4xx_rcc.c(322): warning:  #223-D: function "assert_param" declared implicitly
    assert_param(IS_RCC_CALIBRATION_VALUE(HSICalibrationValue));
..\STM32F4xx_StdPeriph_Driver\src\stm32f4xx_rcc.c(357): warning:  #223-D: function "assert_param" declared implicitly
    assert_param(IS_FUNCTIONAL_STATE(NewState));
..\STM32F4xx_StdPeriph_Driver\src\stm32f4xx_rcc.c(382): warning:  #223-D: function "assert_param" declared implicitly
    assert_param(IS_RCC_LSE(RCC_LSE));
..\STM32F4xx_StdPeriph_Driver\src\stm32f4xx_rcc.c(422): warning:  #223-D: function "assert_param" declared implicitly
    assert_param(IS_FUNCTIONAL_STATE(NewState));
..\STM32F4xx_StdPeriph_Driver\src\stm32f4xx_rcc.c(465): warning:  #223-D: function "assert_param" declared implicitly
    assert_param(IS_RCC_PLL_SOURCE(RCC_PLLSource));
..\STM32F4xx_StdPeriph_Driver\src\stm32f4xx_rcc.c(488): warning:  #223-D: function "assert_param" declared implicitly
    assert_param(IS_FUNCTIONAL_STATE(NewState));
..\STM32F4xx_StdPeriph_Driver\src\stm32f4xx_rcc.c(518): warning:  #223-D: function "assert_param" declared implicitly
    assert_param(IS_RCC_PLLI2SN_VALUE(PLLI2SN));
..\STM32F4xx_StdPeriph_Driver\src\stm32f4xx_rcc.c(609): warning:  #223-D: function "assert_param" declared implicitly
    assert_param(IS_FUNCTIONAL_STATE(NewState));
..\STM32F4xx_StdPeriph_Driver\src\stm32f4xx_rcc.c(638): warning:  #223-D: function "assert_param" declared implicitly
    assert_param(IS_RCC_PLLSAIN_VALUE(PLLSAIN));
..\STM32F4xx_StdPeriph_Driver\src\stm32f4xx_rcc.c(656): warning:  #223-D: function "assert_param" declared implicitly
    assert_param(IS_FUNCTIONAL_STATE(NewState));
..\STM32F4xx_StdPeriph_Driver\src\stm32f4xx_rcc.c(674): warning:  #223-D: function "assert_param" declared implicitly
    assert_param(IS_FUNCTIONAL_STATE(NewState));
..\STM32F4xx_StdPeriph_Driver\src\stm32f4xx_rcc.c(701): warning:  #223-D: function "assert_param" declared implicitly
    assert_param(IS_RCC_MCO1SOURCE(RCC_MCO1Source));
..\STM32F4xx_StdPeriph_Driver\src\stm32f4xx_rcc.c(739): warning:  #223-D: function "assert_param" declared implicitly
    assert_param(IS_RCC_MCO2SOURCE(RCC_MCO2Source));
..\STM32F4xx_StdPeriph_Driver\src\stm32f4xx_rcc.c(934): warning:  #223-D: function "assert_param" declared implicitly
    assert_param(IS_RCC_SYSCLK_SOURCE(RCC_SYSCLKSource));
..\STM32F4xx_StdPeriph_Driver\src\stm32f4xx_rcc.c(987): warning:  #223-D: function "assert_param" declared implicitly
    assert_param(IS_RCC_HCLK(RCC_SYSCLK));
..\STM32F4xx_StdPeriph_Driver\src\stm32f4xx_rcc.c(1019): warning:  #223-D: function "assert_param" declared implicitly
    assert_param(IS_RCC_PCLK(RCC_HCLK));
..\STM32F4xx_StdPeriph_Driver\src\stm32f4xx_rcc.c(1050): warning:  #223-D: function "assert_param" declared implicitly
    assert_param(IS_RCC_PCLK(RCC_HCLK));
..\STM32F4xx_StdPeriph_Driver\src\stm32f4xx_rcc.c(1227): warning:  #223-D: function "assert_param" declared implicitly
    assert_param(IS_RCC_RTCCLK_SOURCE(RCC_RTCCLKSource));
..\STM32F4xx_StdPeriph_Driver\src\stm32f4xx_rcc.c(1257): warning:  #223-D: function "assert_param" declared implicitly
    assert_param(IS_FUNCTIONAL_STATE(NewState));
..\STM32F4xx_StdPeriph_Driver\src\stm32f4xx_rcc.c(1274): warning:  #223-D: function "assert_param" declared implicitly
    assert_param(IS_FUNCTIONAL_STATE(NewState));
..\STM32F4xx_StdPeriph_Driver\src\stm32f4xx_rcc.c(1291): warning:  #223-D: function "assert_param" declared implicitly
    assert_param(IS_RCC_I2SCLK_SOURCE(RCC_I2SCLKSource));
..\STM32F4xx_StdPeriph_Driver\src\stm32f4xx_rcc.c(1314): warning:  #223-D: function "assert_param" declared implicitly
    assert_param(IS_RCC_PLLI2S_DIVQ_VALUE(RCC_PLLI2SDivQ));
..\STM32F4xx_StdPeriph_Driver\src\stm32f4xx_rcc.c(1346): warning:  #223-D: function "assert_param" declared implicitly
    assert_param(IS_RCC_PLLSAI_DIVQ_VALUE(RCC_PLLSAIDivQ));
..\STM32F4xx_StdPeriph_Driver\src\stm32f4xx_rcc.c(1382): warning:  #223-D: function "assert_param" declared implicitly
    assert_param(IS_RCC_SAIACLK_SOURCE(RCC_SAIBlockACLKSource));
..\STM32F4xx_StdPeriph_Driver\src\stm32f4xx_rcc.c(1418): warning:  #223-D: function "assert_param" declared implicitly
    assert_param(IS_RCC_SAIBCLK_SOURCE(RCC_SAIBlockBCLKSource));
..\STM32F4xx_StdPeriph_Driver\src\stm32f4xx_rcc.c(1451): warning:  #223-D: function "assert_param" declared implicitly
    assert_param(IS_RCC_PLLSAI_DIVR_VALUE(RCC_PLLSAIDivR));
..\STM32F4xx_StdPeriph_Driver\src\stm32f4xx_rcc.c(1486): warning:  #223-D: function "assert_param" declared implicitly
    assert_param(IS_RCC_TIMCLK_PRESCALER(RCC_TIMCLKPrescaler));
..\STM32F4xx_StdPeriph_Driver\src\stm32f4xx_rcc.c(1529): warning:  #223-D: function "assert_param" declared implicitly
    assert_param(IS_RCC_AHB1_CLOCK_PERIPH(RCC_AHB1Periph));
..\STM32F4xx_StdPeriph_Driver\src\stm32f4xx_rcc.c(1561): warning:  #223-D: function "assert_param" declared implicitly
    assert_param(IS_RCC_AHB2_PERIPH(RCC_AHB2Periph));
..\STM32F4xx_StdPeriph_Driver\src\stm32f4xx_rcc.c(1589): warning:  #223-D: function "assert_param" declared implicitly
    assert_param(IS_RCC_AHB3_PERIPH(RCC_AHB3Periph));  
..\STM32F4xx_StdPeriph_Driver\src\stm32f4xx_rcc.c(1641): warning:  #223-D: function "assert_param" declared implicitly
    assert_param(IS_RCC_APB1_PERIPH(RCC_APB1Periph));  
..\STM32F4xx_StdPeriph_Driver\src\stm32f4xx_rcc.c(1686): warning:  #223-D: function "assert_param" declared implicitly
    assert_param(IS_RCC_APB2_PERIPH(RCC_APB2Periph));
..\STM32F4xx_StdPeriph_Driver\src\stm32f4xx_rcc.c(1728): warning:  #223-D: function "assert_param" declared implicitly
    assert_param(IS_RCC_AHB1_RESET_PERIPH(RCC_AHB1Periph));
..\STM32F4xx_StdPeriph_Driver\src\stm32f4xx_rcc.c(1757): warning:  #223-D: function "assert_param" declared implicitly
    assert_param(IS_RCC_AHB2_PERIPH(RCC_AHB2Periph));
..\STM32F4xx_StdPeriph_Driver\src\stm32f4xx_rcc.c(1782): warning:  #223-D: function "assert_param" declared implicitly
    assert_param(IS_RCC_AHB3_PERIPH(RCC_AHB3Periph));
..\STM32F4xx_StdPeriph_Driver\src\stm32f4xx_rcc.c(1831): warning:  #223-D: function "assert_param" declared implicitly
    assert_param(IS_RCC_APB1_PERIPH(RCC_APB1Periph));
..\STM32F4xx_StdPeriph_Driver\src\stm32f4xx_rcc.c(1872): warning:  #223-D: function "assert_param" declared implicitly
    assert_param(IS_RCC_APB2_RESET_PERIPH(RCC_APB2Periph));
..\STM32F4xx_StdPeriph_Driver\src\stm32f4xx_rcc.c(1921): warning:  #223-D: function "assert_param" declared implicitly
    assert_param(IS_RCC_AHB1_LPMODE_PERIPH(RCC_AHB1Periph));
..\STM32F4xx_StdPeriph_Driver\src\stm32f4xx_rcc.c(1953): warning:  #223-D: function "assert_param" declared implicitly
    assert_param(IS_RCC_AHB2_PERIPH(RCC_AHB2Periph));
..\STM32F4xx_StdPeriph_Driver\src\stm32f4xx_rcc.c(1981): warning:  #223-D: function "assert_param" declared implicitly
    assert_param(IS_RCC_AHB3_PERIPH(RCC_AHB3Periph));
..\STM32F4xx_StdPeriph_Driver\src\stm32f4xx_rcc.c(2033): warning:  #223-D: function "assert_param" declared implicitly
    assert_param(IS_RCC_APB1_PERIPH(RCC_APB1Periph));
..\STM32F4xx_StdPeriph_Driver\src\stm32f4xx_rcc.c(2078): warning:  #223-D: function "assert_param" declared implicitly
    assert_param(IS_RCC_APB2_PERIPH(RCC_APB2Periph));
..\STM32F4xx_StdPeriph_Driver\src\stm32f4xx_rcc.c(2102): warning:  #223-D: function "assert_param" declared implicitly
    assert_param(IS_RCC_LSE_MODE(Mode));
..\STM32F4xx_StdPeriph_Driver\src\stm32f4xx_rcc.c(2148): warning:  #223-D: function "assert_param" declared implicitly
    assert_param(IS_RCC_IT(RCC_IT));
..\STM32F4xx_StdPeriph_Driver\src\stm32f4xx_rcc.c(2189): warning:  #223-D: function "assert_param" declared implicitly
    assert_param(IS_RCC_FLAG(RCC_FLAG));
..\STM32F4xx_StdPeriph_Driver\src\stm32f4xx_rcc.c(2252): warning:  #223-D: function "assert_param" declared implicitly
    assert_param(IS_RCC_GET_IT(RCC_IT));
..\STM32F4xx_StdPeriph_Driver\src\stm32f4xx_rcc.c(2284): warning:  #223-D: function "assert_param" declared implicitly
    assert_param(IS_RCC_CLEAR_IT(RCC_IT));
..\STM32F4xx_StdPeriph_Driver\src\stm32f4xx_rcc.c: 48 warnings, 0 errors
compiling stm32f4xx_tim.c...
..\STM32F4xx_StdPeriph_Driver\src\stm32f4xx_tim.c(203): warning:  #223-D: function "assert_param" declared implicitly
    assert_param(IS_TIM_ALL_PERIPH(TIMx)); 
..\STM32F4xx_StdPeriph_Driver\src\stm32f4xx_tim.c(293): warning:  #223-D: function "assert_param" declared implicitly
    assert_param(IS_TIM_ALL_PERIPH(TIMx)); 
..\STM32F4xx_StdPeriph_Driver\src\stm32f4xx_tim.c(363): warning:  #223-D: function "assert_param" declared implicitly
    assert_param(IS_TIM_ALL_PERIPH(TIMx));
..\STM32F4xx_StdPeriph_Driver\src\stm32f4xx_tim.c(388): warning:  #223-D: function "assert_param" declared implicitly
    assert_param(IS_TIM_LIST3_PERIPH(TIMx));
..\STM32F4xx_StdPeriph_Driver\src\stm32f4xx_tim.c(412): warning:  #223-D: function "assert_param" declared implicitly
     assert_param(IS_TIM_ALL_PERIPH(TIMx));
..\STM32F4xx_StdPeriph_Driver\src\stm32f4xx_tim.c(427): warning:  #223-D: function "assert_param" declared implicitly
    assert_param(IS_TIM_ALL_PERIPH(TIMx));
..\STM32F4xx_StdPeriph_Driver\src\stm32f4xx_tim.c(441): warning:  #223-D: function "assert_param" declared implicitly
    assert_param(IS_TIM_ALL_PERIPH(TIMx));
..\STM32F4xx_StdPeriph_Driver\src\stm32f4xx_tim.c(455): warning:  #223-D: function "assert_param" declared implicitly
    assert_param(IS_TIM_ALL_PERIPH(TIMx));
..\STM32F4xx_StdPeriph_Driver\src\stm32f4xx_tim.c(471): warning:  #223-D: function "assert_param" declared implicitly
    assert_param(IS_TIM_ALL_PERIPH(TIMx));
..\STM32F4xx_StdPeriph_Driver\src\stm32f4xx_tim.c(500): warning:  #223-D: function "assert_param" declared implicitly
    assert_param(IS_TIM_ALL_PERIPH(TIMx));
..\STM32F4xx_StdPeriph_Driver\src\stm32f4xx_tim.c(525): warning:  #223-D: function "assert_param" declared implicitly
    assert_param(IS_TIM_ALL_PERIPH(TIMx));
..\STM32F4xx_StdPeriph_Driver\src\stm32f4xx_tim.c(552): warning:  #223-D: function "assert_param" declared implicitly
    assert_param(IS_TIM_ALL_PERIPH(TIMx));
..\STM32F4xx_StdPeriph_Driver\src\stm32f4xx_tim.c(575): warning:  #223-D: function "assert_param" declared implicitly
    assert_param(IS_TIM_LIST1_PERIPH(TIMx));
..\STM32F4xx_StdPeriph_Driver\src\stm32f4xx_tim.c(595): warning:  #223-D: function "assert_param" declared implicitly
    assert_param(IS_TIM_ALL_PERIPH(TIMx)); 
..\STM32F4xx_StdPeriph_Driver\src\stm32f4xx_tim.c(678): warning:  #223-D: function "assert_param" declared implicitly
    assert_param(IS_TIM_LIST1_PERIPH(TIMx)); 
..\STM32F4xx_StdPeriph_Driver\src\stm32f4xx_tim.c(759): warning:  #223-D: function "assert_param" declared implicitly
    assert_param(IS_TIM_LIST2_PERIPH(TIMx)); 
..\STM32F4xx_StdPeriph_Driver\src\stm32f4xx_tim.c(840): warning:  #223-D: function "assert_param" declared implicitly
    assert_param(IS_TIM_LIST3_PERIPH(TIMx)); 
..\STM32F4xx_StdPeriph_Driver\src\stm32f4xx_tim.c(920): warning:  #223-D: function "assert_param" declared implicitly
    assert_param(IS_TIM_LIST3_PERIPH(TIMx)); 
..\STM32F4xx_StdPeriph_Driver\src\stm32f4xx_tim.c(1020): warning:  #223-D: function "assert_param" declared implicitly
    assert_param(IS_TIM_LIST1_PERIPH(TIMx));
..\STM32F4xx_StdPeriph_Driver\src\stm32f4xx_tim.c(1063): warning:  #223-D: function "assert_param" declared implicitly
    assert_param(IS_TIM_LIST1_PERIPH(TIMx));
..\STM32F4xx_StdPeriph_Driver\src\stm32f4xx_tim.c(1079): warning:  #223-D: function "assert_param" declared implicitly
    assert_param(IS_TIM_LIST2_PERIPH(TIMx));
..\STM32F4xx_StdPeriph_Driver\src\stm32f4xx_tim.c(1094): warning:  #223-D: function "assert_param" declared implicitly
    assert_param(IS_TIM_LIST3_PERIPH(TIMx));
..\STM32F4xx_StdPeriph_Driver\src\stm32f4xx_tim.c(1109): warning:  #223-D: function "assert_param" declared implicitly
    assert_param(IS_TIM_LIST3_PERIPH(TIMx));
..\STM32F4xx_StdPeriph_Driver\src\stm32f4xx_tim.c(1129): warning:  #223-D: function "assert_param" declared implicitly
    assert_param(IS_TIM_LIST1_PERIPH(TIMx));
..\STM32F4xx_StdPeriph_Driver\src\stm32f4xx_tim.c(1158): warning:  #223-D: function "assert_param" declared implicitly
    assert_param(IS_TIM_LIST2_PERIPH(TIMx));
..\STM32F4xx_StdPeriph_Driver\src\stm32f4xx_tim.c(1186): warning:  #223-D: function "assert_param" declared implicitly
    assert_param(IS_TIM_LIST3_PERIPH(TIMx));
..\STM32F4xx_StdPeriph_Driver\src\stm32f4xx_tim.c(1215): warning:  #223-D: function "assert_param" declared implicitly
    assert_param(IS_TIM_LIST3_PERIPH(TIMx));
..\STM32F4xx_StdPeriph_Driver\src\stm32f4xx_tim.c(1243): warning:  #223-D: function "assert_param" declared implicitly
    assert_param(IS_TIM_LIST1_PERIPH(TIMx));
..\STM32F4xx_StdPeriph_Driver\src\stm32f4xx_tim.c(1273): warning:  #223-D: function "assert_param" declared implicitly
    assert_param(IS_TIM_LIST2_PERIPH(TIMx));
..\STM32F4xx_StdPeriph_Driver\src\stm32f4xx_tim.c(1302): warning:  #223-D: function "assert_param" declared implicitly
    assert_param(IS_TIM_LIST3_PERIPH(TIMx));
..\STM32F4xx_StdPeriph_Driver\src\stm32f4xx_tim.c(1331): warning:  #223-D: function "assert_param" declared implicitly
    assert_param(IS_TIM_LIST3_PERIPH(TIMx));
..\STM32F4xx_StdPeriph_Driver\src\stm32f4xx_tim.c(1360): warning:  #223-D: function "assert_param" declared implicitly
    assert_param(IS_TIM_LIST1_PERIPH(TIMx));
..\STM32F4xx_StdPeriph_Driver\src\stm32f4xx_tim.c(1391): warning:  #223-D: function "assert_param" declared implicitly
    assert_param(IS_TIM_LIST2_PERIPH(TIMx));
..\STM32F4xx_StdPeriph_Driver\src\stm32f4xx_tim.c(1421): warning:  #223-D: function "assert_param" declared implicitly
    assert_param(IS_TIM_LIST3_PERIPH(TIMx));
..\STM32F4xx_StdPeriph_Driver\src\stm32f4xx_tim.c(1451): warning:  #223-D: function "assert_param" declared implicitly
    assert_param(IS_TIM_LIST3_PERIPH(TIMx));
..\STM32F4xx_StdPeriph_Driver\src\stm32f4xx_tim.c(1481): warning:  #223-D: function "assert_param" declared implicitly
    assert_param(IS_TIM_LIST1_PERIPH(TIMx));
..\STM32F4xx_StdPeriph_Driver\src\stm32f4xx_tim.c(1511): warning:  #223-D: function "assert_param" declared implicitly
    assert_param(IS_TIM_LIST2_PERIPH(TIMx));
..\STM32F4xx_StdPeriph_Driver\src\stm32f4xx_tim.c(1540): warning:  #223-D: function "assert_param" declared implicitly
    assert_param(IS_TIM_LIST3_PERIPH(TIMx));
..\STM32F4xx_StdPeriph_Driver\src\stm32f4xx_tim.c(1569): warning:  #223-D: function "assert_param" declared implicitly
    assert_param(IS_TIM_LIST3_PERIPH(TIMx));
..\STM32F4xx_StdPeriph_Driver\src\stm32f4xx_tim.c(1598): warning:  #223-D: function "assert_param" declared implicitly
    assert_param(IS_TIM_LIST1_PERIPH(TIMx));
..\STM32F4xx_StdPeriph_Driver\src\stm32f4xx_tim.c(1624): warning:  #223-D: function "assert_param" declared implicitly
    assert_param(IS_TIM_LIST4_PERIPH(TIMx));
..\STM32F4xx_StdPeriph_Driver\src\stm32f4xx_tim.c(1652): warning:  #223-D: function "assert_param" declared implicitly
    assert_param(IS_TIM_LIST2_PERIPH(TIMx));
..\STM32F4xx_StdPeriph_Driver\src\stm32f4xx_tim.c(1679): warning:  #223-D: function "assert_param" declared implicitly
    assert_param(IS_TIM_LIST4_PERIPH(TIMx));
..\STM32F4xx_StdPeriph_Driver\src\stm32f4xx_tim.c(1706): warning:  #223-D: function "assert_param" declared implicitly
    assert_param(IS_TIM_LIST3_PERIPH(TIMx));
..\STM32F4xx_StdPeriph_Driver\src\stm32f4xx_tim.c(1733): warning:  #223-D: function "assert_param" declared implicitly
    assert_param(IS_TIM_LIST4_PERIPH(TIMx));
..\STM32F4xx_StdPeriph_Driver\src\stm32f4xx_tim.c(1760): warning:  #223-D: function "assert_param" declared implicitly
    assert_param(IS_TIM_LIST3_PERIPH(TIMx));
..\STM32F4xx_StdPeriph_Driver\src\stm32f4xx_tim.c(1791): warning:  #223-D: function "assert_param" declared implicitly
    assert_param(IS_TIM_LIST1_PERIPH(TIMx)); 
..\STM32F4xx_StdPeriph_Driver\src\stm32f4xx_tim.c(1821): warning:  #223-D: function "assert_param" declared implicitly
    assert_param(IS_TIM_LIST4_PERIPH(TIMx));
..\STM32F4xx_StdPeriph_Driver\src\stm32f4xx_tim.c(1903): warning:  #223-D: function "assert_param" declared implicitly
    assert_param(IS_TIM_LIST1_PERIPH(TIMx));
..\STM32F4xx_StdPeriph_Driver\src\stm32f4xx_tim.c(1981): warning:  #223-D: function "assert_param" declared implicitly
    assert_param(IS_TIM_LIST2_PERIPH(TIMx));
..\STM32F4xx_StdPeriph_Driver\src\stm32f4xx_tim.c(2035): warning:  #223-D: function "assert_param" declared implicitly
    assert_param(IS_TIM_LIST1_PERIPH(TIMx));
..\STM32F4xx_StdPeriph_Driver\src\stm32f4xx_tim.c(2050): warning:  #223-D: function "assert_param" declared implicitly
    assert_param(IS_TIM_LIST2_PERIPH(TIMx));
..\STM32F4xx_StdPeriph_Driver\src\stm32f4xx_tim.c(2064): warning:  #223-D: function "assert_param" declared implicitly
    assert_param(IS_TIM_LIST3_PERIPH(TIMx)); 
..\STM32F4xx_StdPeriph_Driver\src\stm32f4xx_tim.c(2078): warning:  #223-D: function "assert_param" declared implicitly
    assert_param(IS_TIM_LIST3_PERIPH(TIMx));
..\STM32F4xx_StdPeriph_Driver\src\stm32f4xx_tim.c(2098): warning:  #223-D: function "assert_param" declared implicitly
    assert_param(IS_TIM_LIST1_PERIPH(TIMx));
..\STM32F4xx_StdPeriph_Driver\src\stm32f4xx_tim.c(2123): warning:  #223-D: function "assert_param" declared implicitly
    assert_param(IS_TIM_LIST2_PERIPH(TIMx));
..\STM32F4xx_StdPeriph_Driver\src\stm32f4xx_tim.c(2147): warning:  #223-D: function "assert_param" declared implicitly
    assert_param(IS_TIM_LIST3_PERIPH(TIMx));
..\STM32F4xx_StdPeriph_Driver\src\stm32f4xx_tim.c(2171): warning:  #223-D: function "assert_param" declared implicitly
    assert_param(IS_TIM_LIST3_PERIPH(TIMx));
..\STM32F4xx_StdPeriph_Driver\src\stm32f4xx_tim.c(2224): warning:  #223-D: function "assert_param" declared implicitly
    assert_param(IS_TIM_LIST4_PERIPH(TIMx));
..\STM32F4xx_StdPeriph_Driver\src\stm32f4xx_tim.c(2268): warning:  #223-D: function "assert_param" declared implicitly
    assert_param(IS_TIM_LIST4_PERIPH(TIMx));
..\STM32F4xx_StdPeriph_Driver\src\stm32f4xx_tim.c(2293): warning:  #223-D: function "assert_param" declared implicitly
    assert_param(IS_TIM_LIST4_PERIPH(TIMx));
..\STM32F4xx_StdPeriph_Driver\src\stm32f4xx_tim.c(2318): warning:  #223-D: function "assert_param" declared implicitly
    assert_param(IS_TIM_LIST4_PERIPH(TIMx));
..\STM32F4xx_StdPeriph_Driver\src\stm32f4xx_tim.c(2375): warning:  #223-D: function "assert_param" declared implicitly
    assert_param(IS_TIM_ALL_PERIPH(TIMx));
..\STM32F4xx_StdPeriph_Driver\src\stm32f4xx_tim.c(2413): warning:  #223-D: function "assert_param" declared implicitly
    assert_param(IS_TIM_ALL_PERIPH(TIMx));
..\STM32F4xx_StdPeriph_Driver\src\stm32f4xx_tim.c(2447): warning:  #223-D: function "assert_param" declared implicitly
    assert_param(IS_TIM_ALL_PERIPH(TIMx));
..\STM32F4xx_StdPeriph_Driver\src\stm32f4xx_tim.c(2488): warning:  #223-D: function "assert_param" declared implicitly
    assert_param(IS_TIM_ALL_PERIPH(TIMx));
..\STM32F4xx_StdPeriph_Driver\src\stm32f4xx_tim.c(2518): warning:  #223-D: function "assert_param" declared implicitly
    assert_param(IS_TIM_ALL_PERIPH(TIMx));
..\STM32F4xx_StdPeriph_Driver\src\stm32f4xx_tim.c(2557): warning:  #223-D: function "assert_param" declared implicitly
    assert_param(IS_TIM_ALL_PERIPH(TIMx));
..\STM32F4xx_StdPeriph_Driver\src\stm32f4xx_tim.c(2594): warning:  #223-D: function "assert_param" declared implicitly
    assert_param(IS_TIM_LIST3_PERIPH(TIMx));
..\STM32F4xx_StdPeriph_Driver\src\stm32f4xx_tim.c(2621): warning:  #223-D: function "assert_param" declared implicitly
    assert_param(IS_TIM_LIST5_PERIPH(TIMx)); 
..\STM32F4xx_StdPeriph_Driver\src\stm32f4xx_tim.c(2647): warning:  #223-D: function "assert_param" declared implicitly
    assert_param(IS_TIM_LIST3_PERIPH(TIMx));
..\STM32F4xx_StdPeriph_Driver\src\stm32f4xx_tim.c(2686): warning:  #223-D: function "assert_param" declared implicitly
    assert_param(IS_TIM_LIST2_PERIPH(TIMx));
..\STM32F4xx_StdPeriph_Driver\src\stm32f4xx_tim.c(2707): warning:  #223-D: function "assert_param" declared implicitly
    assert_param(IS_TIM_LIST2_PERIPH(TIMx));
..\STM32F4xx_StdPeriph_Driver\src\stm32f4xx_tim.c(2738): warning:  #223-D: function "assert_param" declared implicitly
    assert_param(IS_TIM_LIST1_PERIPH(TIMx));
..\STM32F4xx_StdPeriph_Driver\src\stm32f4xx_tim.c(2780): warning:  #223-D: function "assert_param" declared implicitly
    assert_param(IS_TIM_LIST3_PERIPH(TIMx));
..\STM32F4xx_StdPeriph_Driver\src\stm32f4xx_tim.c(2825): warning:  #223-D: function "assert_param" declared implicitly
    assert_param(IS_TIM_LIST3_PERIPH(TIMx));
..\STM32F4xx_StdPeriph_Driver\src\stm32f4xx_tim.c(2897): warning:  #223-D: function "assert_param" declared implicitly
    assert_param(IS_TIM_LIST1_PERIPH(TIMx)); 
..\STM32F4xx_StdPeriph_Driver\src\stm32f4xx_tim.c(2938): warning:  #223-D: function "assert_param" declared implicitly
    assert_param(IS_TIM_LIST5_PERIPH(TIMx));
..\STM32F4xx_StdPeriph_Driver\src\stm32f4xx_tim.c(2962): warning:  #223-D: function "assert_param" declared implicitly
    assert_param(IS_TIM_LIST2_PERIPH(TIMx));
..\STM32F4xx_StdPeriph_Driver\src\stm32f4xx_tim.c(2985): warning:  #223-D: function "assert_param" declared implicitly
    assert_param(IS_TIM_LIST2_PERIPH(TIMx));
..\STM32F4xx_StdPeriph_Driver\src\stm32f4xx_tim.c(3018): warning:  #223-D: function "assert_param" declared implicitly
    assert_param(IS_TIM_LIST3_PERIPH(TIMx));
..\STM32F4xx_StdPeriph_Driver\src\stm32f4xx_tim.c(3078): warning:  #223-D: function "assert_param" declared implicitly
    assert_param(IS_TIM_LIST2_PERIPH(TIMx));
..\STM32F4xx_StdPeriph_Driver\src\stm32f4xx_tim.c(3125): warning:  #223-D: function "assert_param" declared implicitly
    assert_param(IS_TIM_LIST2_PERIPH(TIMx));
..\STM32F4xx_StdPeriph_Driver\src\stm32f4xx_tim.c(3176): warning:  #223-D: function "assert_param" declared implicitly
    assert_param(IS_TIM_LIST6_PERIPH(TIMx));
..\STM32F4xx_StdPeriph_Driver\src\stm32f4xx_tim.c: 84 warnings, 0 errors
compiling stm32f4xx_usart.c...
..\STM32F4xx_StdPeriph_Driver\src\stm32f4xx_usart.c(190): warning:  #223-D: function "assert_param" declared implicitly
    assert_param(IS_USART_ALL_PERIPH(USARTx));
..\STM32F4xx_StdPeriph_Driver\src\stm32f4xx_usart.c(254): warning:  #223-D: function "assert_param" declared implicitly
    assert_param(IS_USART_ALL_PERIPH(USARTx));
..\STM32F4xx_StdPeriph_Driver\src\stm32f4xx_usart.c(383): warning:  #223-D: function "assert_param" declared implicitly
    assert_param(IS_USART_1236_PERIPH(USARTx));
..\STM32F4xx_StdPeriph_Driver\src\stm32f4xx_usart.c(430): warning:  #223-D: function "assert_param" declared implicitly
    assert_param(IS_USART_ALL_PERIPH(USARTx));
..\STM32F4xx_StdPeriph_Driver\src\stm32f4xx_usart.c(456): warning:  #223-D: function "assert_param" declared implicitly
    assert_param(IS_USART_ALL_PERIPH(USARTx));
..\STM32F4xx_StdPeriph_Driver\src\stm32f4xx_usart.c(477): warning:  #223-D: function "assert_param" declared implicitly
    assert_param(IS_USART_ALL_PERIPH(USARTx));
..\STM32F4xx_StdPeriph_Driver\src\stm32f4xx_usart.c(503): warning:  #223-D: function "assert_param" declared implicitly
    assert_param(IS_USART_ALL_PERIPH(USARTx));
..\STM32F4xx_StdPeriph_Driver\src\stm32f4xx_usart.c(560): warning:  #223-D: function "assert_param" declared implicitly
    assert_param(IS_USART_ALL_PERIPH(USARTx));
..\STM32F4xx_StdPeriph_Driver\src\stm32f4xx_usart.c(576): warning:  #223-D: function "assert_param" declared implicitly
    assert_param(IS_USART_ALL_PERIPH(USARTx));
..\STM32F4xx_StdPeriph_Driver\src\stm32f4xx_usart.c(628): warning:  #223-D: function "assert_param" declared implicitly
    assert_param(IS_USART_ALL_PERIPH(USARTx));
..\STM32F4xx_StdPeriph_Driver\src\stm32f4xx_usart.c(648): warning:  #223-D: function "assert_param" declared implicitly
    assert_param(IS_USART_ALL_PERIPH(USARTx));
..\STM32F4xx_StdPeriph_Driver\src\stm32f4xx_usart.c(675): warning:  #223-D: function "assert_param" declared implicitly
    assert_param(IS_USART_ALL_PERIPH(USARTx));
..\STM32F4xx_StdPeriph_Driver\src\stm32f4xx_usart.c(744): warning:  #223-D: function "assert_param" declared implicitly
    assert_param(IS_USART_ALL_PERIPH(USARTx));
..\STM32F4xx_StdPeriph_Driver\src\stm32f4xx_usart.c(762): warning:  #223-D: function "assert_param" declared implicitly
    assert_param(IS_USART_ALL_PERIPH(USARTx));
..\STM32F4xx_StdPeriph_Driver\src\stm32f4xx_usart.c(786): warning:  #223-D: function "assert_param" declared implicitly
    assert_param(IS_USART_ALL_PERIPH(USARTx));
..\STM32F4xx_StdPeriph_Driver\src\stm32f4xx_usart.c(839): warning:  #223-D: function "assert_param" declared implicitly
    assert_param(IS_USART_ALL_PERIPH(USARTx));
..\STM32F4xx_StdPeriph_Driver\src\stm32f4xx_usart.c(923): warning:  #223-D: function "assert_param" declared implicitly
    assert_param(IS_USART_1236_PERIPH(USARTx));
..\STM32F4xx_StdPeriph_Driver\src\stm32f4xx_usart.c(942): warning:  #223-D: function "assert_param" declared implicitly
    assert_param(IS_USART_1236_PERIPH(USARTx));
..\STM32F4xx_StdPeriph_Driver\src\stm32f4xx_usart.c(967): warning:  #223-D: function "assert_param" declared implicitly
    assert_param(IS_USART_1236_PERIPH(USARTx)); 
..\STM32F4xx_StdPeriph_Driver\src\stm32f4xx_usart.c(1038): warning:  #223-D: function "assert_param" declared implicitly
    assert_param(IS_USART_ALL_PERIPH(USARTx));
..\STM32F4xx_StdPeriph_Driver\src\stm32f4xx_usart.c(1056): warning:  #223-D: function "assert_param" declared implicitly
    assert_param(IS_USART_ALL_PERIPH(USARTx));
..\STM32F4xx_StdPeriph_Driver\src\stm32f4xx_usart.c(1102): warning:  #223-D: function "assert_param" declared implicitly
    assert_param(IS_USART_ALL_PERIPH(USARTx));
..\STM32F4xx_StdPeriph_Driver\src\stm32f4xx_usart.c(1236): warning:  #223-D: function "assert_param" declared implicitly
    assert_param(IS_USART_ALL_PERIPH(USARTx));
..\STM32F4xx_StdPeriph_Driver\src\stm32f4xx_usart.c(1299): warning:  #223-D: function "assert_param" declared implicitly
    assert_param(IS_USART_ALL_PERIPH(USARTx));
..\STM32F4xx_StdPeriph_Driver\src\stm32f4xx_usart.c(1347): warning:  #223-D: function "assert_param" declared implicitly
    assert_param(IS_USART_ALL_PERIPH(USARTx));
..\STM32F4xx_StdPeriph_Driver\src\stm32f4xx_usart.c(1383): warning:  #223-D: function "assert_param" declared implicitly
    assert_param(IS_USART_ALL_PERIPH(USARTx));
..\STM32F4xx_StdPeriph_Driver\src\stm32f4xx_usart.c(1456): warning:  #223-D: function "assert_param" declared implicitly
    assert_param(IS_USART_ALL_PERIPH(USARTx));
..\STM32F4xx_StdPeriph_Driver\src\stm32f4xx_usart.c: 27 warnings, 0 errors
compiling system_stm32f4xx.c...
linking...
.\obj\project.axf: Error: L6218E: Undefined symbol COM_ReadByte (referred from retarget.o).
.\obj\project.axf: Error: L6218E: Undefined symbol COM_WriteByte (referred from retarget.o).
.\obj\project.axf: Error: L6218E: Undefined symbol assert_param (referred from misc.o).
Not enough information to list image symbols.
Finished: 1 information, 0 warning and 3 error messages.
".\obj\project.axf" - 3 Error(s), 178 Warning(s).
Target not created
